#-----------------------------------------------------------
# Vivado v2014.2 (64-bit)
# SW Build 932637 on Wed Jun 11 13:33:10 MDT 2014
# IP Build 924643 on Fri May 30 09:20:16 MDT 2014
# Start of session at: Tue Apr 14 16:37:29 2015
# Process ID: 7148
# Log file: D:/study/embled/project_boss2/project_2/project_2.sdk/webtalk/vivado.log
# Journal file: D:/study/embled/project_boss2/project_2/project_2.sdk/webtalk\vivado.jou
#-----------------------------------------------------------
source sdk.tcl
# webtalk_init -webtalk_dir D:\\study\\embled\\project_boss2\\project_2\\project_2.sdk\\webtalk
# webtalk_register_client -client project
# webtalk_add_data -client project -key date_generated -value "星期二 四月 14 16:37:25 2015" -context "software_version_and_target_device"
# webtalk_add_data -client project -key product_version -value "SDK v2014.2" -context "software_version_and_target_device"
# webtalk_add_data -client project -key build_version -value "2014.2" -context "software_version_and_target_device"
# webtalk_add_data -client project -key os_platform -value "amd64" -context "software_version_and_target_device"
# webtalk_add_data -client project -key registration_id -value "207600880_1777491182_0_870" -context "software_version_and_target_device"
# webtalk_add_data -client project -key tool_flow -value "SDK" -context "software_version_and_target_device"
# webtalk_add_data -client project -key beta -value "false" -context "software_version_and_target_device"
# webtalk_add_data -client project -key route_design -value "NA" -context "software_version_and_target_device"
# webtalk_add_data -client project -key target_family -value "NA" -context "software_version_and_target_device"
# webtalk_add_data -client project -key target_device -value "NA" -context "software_version_and_target_device"
# webtalk_add_data -client project -key target_package -value "NA" -context "software_version_and_target_device"
# webtalk_add_data -client project -key target_speed -value "NA" -context "software_version_and_target_device"
# webtalk_add_data -client project -key random_id -value "9otdlr2cnmkg1l9hl2h3cphm3t" -context "software_version_and_target_device"
# webtalk_add_data -client project -key project_id -value "2014.2_9" -context "software_version_and_target_device"
# webtalk_add_data -client project -key project_iteration -value "9" -context "software_version_and_target_device"
# webtalk_add_data -client project -key os_name -value "Microsoft Windows 7 , 64-bit" -context "user_environment"
# webtalk_add_data -client project -key os_release -value "Service Pack 1  (build 7601)" -context "user_environment"
# webtalk_add_data -client project -key cpu_name -value "Intel(R) Core(TM) i3-3120M CPU @ 2.50GHz" -context "user_environment"
# webtalk_add_data -client project -key cpu_speed -value "2494 MHz" -context "user_environment"
# webtalk_add_data -client project -key total_processors -value "1" -context "user_environment"
# webtalk_add_data -client project -key system_ram -value "4.000 GB" -context "user_environment"
# webtalk_register_client -client sdk
# webtalk_add_data -client sdk -key uid -value "1429000375349" -context "sdk\\\\bsp/1429000375349"
# webtalk_add_data -client sdk -key hwid -value "1428982453569" -context "sdk\\\\bsp/1429000375349"
# webtalk_add_data -client sdk -key os -value "standalone" -context "sdk\\\\bsp/1429000375349"
# webtalk_add_data -client sdk -key apptemplate -value "null" -context "sdk\\\\bsp/1429000375349"
# webtalk_add_data -client sdk -key uid -value "1429000550928" -context "sdk\\\\bsp/1429000550928"
# webtalk_add_data -client sdk -key hwid -value "1428982453569" -context "sdk\\\\bsp/1429000550928"
# webtalk_add_data -client sdk -key os -value "standalone" -context "sdk\\\\bsp/1429000550928"
# webtalk_add_data -client sdk -key apptemplate -value "null" -context "sdk\\\\bsp/1429000550928"
# webtalk_transmit -clientid 3099071137 -regid "207600880_1777491182_0_870" -xml D:\\study\\embled\\project_boss2\\project_2\\project_2.sdk\\webtalk\\usage_statistics_ext_sdk.xml -html D:\\study\\embled\\project_boss2\\project_2\\project_2.sdk\\webtalk\\usage_statistics_ext_sdk.html -wdm D:\\study\\embled\\project_boss2\\project_2\\project_2.sdk\\webtalk\\sdk.wdm -intro "<H3>SDK Usage Report</H3><BR>"
INFO: [Common 17-185] WebTalk report has not been sent to Xilinx. Please check your network and proxy settings.
webtalk_transmit: Time (s): cpu = 00:00:00 ; elapsed = 00:00:06 . Memory (MB): peak = 173.203 ; gain = 0.000

    while executing
"webtalk_transmit -clientid 3099071137 -regid "207600880_1777491182_0_870" -xml D:\\study\\embled\\project_boss2\\project_2\\project_2.sdk\\webtalk\\us..."
    (file "sdk.tcl" line 33)
INFO: [Common 17-206] Exiting Vivado at Tue Apr 14 16:37:37 2015...
