#-----------------------------------------------------------
# Vivado v2014.2 (64-bit)
# SW Build 932637 on Wed Jun 11 13:33:10 MDT 2014
# IP Build 924643 on Fri May 30 09:20:16 MDT 2014
# Start of session at: Mon Mar 30 21:46:48 2015
# Process ID: 9160
# Log file: D:/study/embled/project_1/vivado.log
# Journal file: D:/study/embled/project_1\vivado.jou
#-----------------------------------------------------------
start_gui
open_project {D:\study\embled\project_1\project_1.xpr}
INFO: [Project 1-313] Project file moved from 'D:/study/embled linux/project_1' since last save.
Scanning sources...
Finished scanning sources
INFO: [IP_Flow 19-234] Refreshing IP repositories
INFO: [IP_Flow 19-1704] No user IP repositories specified
INFO: [IP_Flow 19-2313] Loaded Vivado IP repository 'D:/tools/Vivado/2014.2/data/ip'.
open_project: Time (s): cpu = 00:00:13 ; elapsed = 00:00:07 . Memory (MB): peak = 814.605 ; gain = 11.305
launch_sdk -workspace D:/study/embled/project_1/project_1.sdk -hwspec D:/study/embled/project_1/project_1.sdk/design_1_wrapper.hdf
INFO: [Vivado 12-393] Launching SDK...
INFO: [Vivado 12-417] Running xsdk -workspace D:/study/embled/project_1/project_1.sdk -hwspec D:/study/embled/project_1/project_1.sdk/design_1_wrapper.hdf
INFO: [Vivado 12-3157] SDK launch initiated. Please check console for any further messages.
exit
INFO: [Common 17-206] Exiting Vivado at Mon Mar 30 21:47:52 2015...
